0 info it worked if it ends with ok
1 verbose cli [ '/usr/local/bin/node', '/usr/local/bin/npm', 'run', 'serve' ]
2 info using npm@3.10.10
3 info using node@v6.11.3
4 verbose run-script [ 'preserve', 'serve', 'postserve' ]
5 info lifecycle morbo@0.0.0~preserve: morbo@0.0.0
6 silly lifecycle morbo@0.0.0~preserve: no script for preserve, continuing
7 info lifecycle morbo@0.0.0~serve: morbo@0.0.0
8 verbose lifecycle morbo@0.0.0~serve: unsafe-perm in lifecycle true
9 verbose lifecycle morbo@0.0.0~serve: PATH: /usr/local/lib/node_modules/npm/bin/node-gyp-bin:/Users/Mikolaj/Desktop/4G06A/TMP/morbo-temporary/node_modules/.bin:/Library/Frameworks/Python.framework/Versions/3.6/bin:/opt/local/bin:/opt/local/sbin:/Library/Frameworks/Python.framework/Versions/2.7/bin:/usr/local/bin:/usr/bin:/bin:/usr/sbin:/sbin:/opt/X11/bin:/usr/local/share/dotnet:~/.dotnet/tools:/Library/Frameworks/Mono.framework/Versions/Current/Commands:/Library/TeX/texbin:/Applications/Muse
10 verbose lifecycle morbo@0.0.0~serve: CWD: /Users/Mikolaj/Desktop/4G06A/TMP/morbo-temporary
11 silly lifecycle morbo@0.0.0~serve: Args: [ '-c', 'parcel index.html' ]
12 info lifecycle morbo@0.0.0~serve: Failed to exec serve script
13 verbose stack Error: morbo@0.0.0 serve: `parcel index.html`
13 verbose stack spawn ENOENT
13 verbose stack     at ChildProcess.<anonymous> (/usr/local/lib/node_modules/npm/lib/utils/spawn.js:33:16)
13 verbose stack     at emitTwo (events.js:106:13)
13 verbose stack     at ChildProcess.emit (events.js:191:7)
13 verbose stack     at maybeClose (internal/child_process.js:920:16)
13 verbose stack     at Process.ChildProcess._handle.onexit (internal/child_process.js:230:5)
14 verbose pkgid morbo@0.0.0
15 verbose cwd /Users/Mikolaj/Desktop/4G06A/TMP/morbo-temporary
16 error Darwin 16.7.0
17 error argv "/usr/local/bin/node" "/usr/local/bin/npm" "run" "serve"
18 error node v6.11.3
19 error npm  v3.10.10
20 error file sh
21 error code ELIFECYCLE
22 error errno ENOENT
23 error syscall spawn
24 error morbo@0.0.0 serve: `parcel index.html`
24 error spawn ENOENT
25 error Failed at the morbo@0.0.0 serve script 'parcel index.html'.
25 error Make sure you have the latest version of node.js and npm installed.
25 error If you do, this is most likely a problem with the morbo package,
25 error not with npm itself.
25 error Tell the author that this fails on your system:
25 error     parcel index.html
25 error You can get information on how to open an issue for this project with:
25 error     npm bugs morbo
25 error Or if that isn't available, you can get their info via:
25 error     npm owner ls morbo
25 error There is likely additional logging output above.
26 verbose exit [ 1, true ]
